<?xml version="1.0" encoding="UTF-8"?>
<!-- Generated by org.testng.reporters.JUnitXMLReporter -->
<testsuite ignored="0" hostname="DESKTOP-0DVVPP6" failures="0" tests="3" name="Default test" time="103.968" errors="0" timestamp="2023-03-17T12:49:54 IST">
  <testcase classname="com.socinator.testcases.TC001" name="verify_pricing" time="25.732"/>
  <testcase classname="com.socinator.testcases.TC001" name="verify_domainRegistrationDate" time="0.007"/>
  <testcase classname="com.socinator.testcases.TC001" name="verify_feature" time="60.102"/>
</testsuite> <!-- Default test -->
