<?xml version="1.0" encoding="UTF-8"?>
<!-- Generated by org.testng.reporters.JUnitReportReporter -->
<testsuite hostname="DESKTOP-0DVVPP6" failures="0" tests="3" name="com.socinator.testcases.TC001" time="85.855" errors="0" timestamp="2023-03-17T12:49:56 IST" skipped="0">
  <testcase classname="com.socinator.testcases.TC001" name="verify_pricing" time="25.735"/>
  <system-out>
    <![CDATA[Page TitleThe Best Plans And Pricing For You]]>
  </system-out>
  <testcase classname="com.socinator.testcases.TC001" name="verify_domainRegistrationDate" time="0.008"/>
  <system-out/>
  <testcase classname="com.socinator.testcases.TC001" name="verify_feature" time="60.112"/>
  <system-out>
    <![CDATA[PAge titleThe Best Plans And Pricing For You
PAge titleInstagram Marketing Software Features - Socinator
PAge titleThe Best Plans And Pricing For You
PAge titleThe All In One Facebook Marketing For IM’ers - Socinator]]>
  </system-out>
</testsuite> <!-- com.socinator.testcases.TC001 -->
